
Showing logs for build [32mcb-kubecd-environment-pr-96-52-x798g-1[0m stage [32mfrom-build-pack[0m and container [32mstep-credential-initializer-qk58c[0m
{"level":"warn","ts":1575391562.2325182,"logger":"fallback-logger","caller":"logging/config.go:69","msg":"Fetch GitHub commit ID from kodata failed: \"ref: refs/heads/master\" is not a valid GitHub commit ID"}
{"level":"info","ts":1575391562.2329187,"logger":"fallback-logger","caller":"creds-init/main.go:40","msg":"Credentials initialized."}

Showing logs for build [32mcb-kubecd-environment-pr-96-52-x798g-1[0m stage [32mfrom-build-pack[0m and container [32mstep-working-dir-initializer-q6wb5[0m
{"level":"warn","ts":1575391563.511334,"logger":"fallback-logger","caller":"logging/config.go:69","msg":"Fetch GitHub commit ID from kodata failed: open /var/run/ko/HEAD: no such file or directory"}
{"level":"info","ts":1575391563.5124443,"logger":"fallback-logger","caller":"bash/main.go:65","msg":"Successfully executed command \"mkdir -p /workspace/source\""}

Showing logs for build [32mcb-kubecd-environment-pr-96-52-x798g-1[0m stage [32mfrom-build-pack[0m and container [32mstep-place-tools[0m

Showing logs for build [32mcb-kubecd-environment-pr-96-52-x798g-1[0m stage [32mfrom-build-pack[0m and container [32mstep-git-source-cb-kubecd-environment-pr-96-52-rdhvw[0m
{"level":"warn","ts":1575391569.5575194,"logger":"fallback-logger","caller":"logging/config.go:69","msg":"Fetch GitHub commit ID from kodata failed: \"ref: refs/heads/master\" is not a valid GitHub commit ID"}
{"level":"info","ts":1575391569.7523375,"logger":"fallback-logger","caller":"git/git.go:102","msg":"Successfully cloned https://github.com/cb-kubecd/environment-pr-96-52-boot-eks-production.git @ master in path /workspace/source"}

Showing logs for build [32mcb-kubecd-environment-pr-96-52-x798g-1[0m stage [32mfrom-build-pack[0m and container [32mstep-git-merge[0m
Using SHAs from PULL_REFS=master:bf89ec4c5786fae5bac025d7e4d044dd1ef82f7c,1:2691eff537c2460479683013a1c34b05a6bb22ae
DEBUG: ran git fetch --unshallow origin 2691eff537c2460479683013a1c34b05a6bb22ae: bf89ec4c5786fae5bac025d7e4d044dd1ef82f7c: in 
DEBUG: ran git checkout master in 
DEBUG: ran git reset --hard bf89ec4c5786fae5bac025d7e4d044dd1ef82f7c in 
DEBUG: ran clean --force -d . in 
DEBUG: ran git merge 2691eff537c2460479683013a1c34b05a6bb22ae in 
Merged SHA 2691eff537c2460479683013a1c34b05a6bb22ae with commit message 'chore: Promote bdd-spring-1575390940 to version 0.0.1' into base branch master

Showing logs for build [32mcb-kubecd-environment-pr-96-52-x798g-1[0m stage [32mfrom-build-pack[0m and container [32mstep-build-helm-build[0m
WARNING: No $CHART_REPOSITORY defined so using the default value of: http://jenkins-x-chartmuseum:8080
Adding missing Helm repo: storage.googleapis.com https://storage.googleapis.com/chartmuseum.jenkins-x.io
Read credentials for https://storage.googleapis.com/chartmuseum.jenkins-x.io from vault helm/repos
Successfully added Helm repository storage.googleapis.com.
Adding missing Helm repo: jenkins-x-chartmuseum http://jenkins-x-chartmuseum:8080
Read credentials for http://jenkins-x-chartmuseum:8080 from vault helm/repos
Successfully added Helm repository jenkins-x-chartmuseum.
WARNING: No $CHART_REPOSITORY defined so using the default value of: http://jenkins-x-chartmuseum:8080
Adding missing Helm repo: chartmuseum.jenkins-x.io http://chartmuseum.jenkins-x.io
Read credentials for http://chartmuseum.jenkins-x.io from vault helm/repos
Successfully added Helm repository chartmuseum.jenkins-x.io.
